<?xml version="1.0" encoding="UTF-8"?>
<!-- Generated by org.testng.reporters.JUnitReportReporter -->
<testsuite hostname="mgade-L440" name="com.deem.joltage.platformtests.test.LocationServiceTest" tests="81" failures="4" timestamp="20 Dec 2016 15:56:05 GMT" time="1044.488" errors="0">
  <testcase name="ipLocationServiceTest" time="0.575" classname="com.deem.joltage.platformtests.test.LocationServiceTest"/>
  <testcase name="validatedPostalAddressServiceTest" time="0.729" classname="com.deem.joltage.platformtests.test.LocationServiceTest"/>
  <testcase name="validatedGeocodeQueryTest" time="0.594" classname="com.deem.joltage.platformtests.test.LocationServiceTest"/>
  <testcase name="validatedGeocodeQueryTest" time="0.588" classname="com.deem.joltage.platformtests.test.LocationServiceTest"/>
  <testcase name="validatedReverseGeocode" time="0.738" classname="com.deem.joltage.platformtests.test.LocationServiceTest"/>
  <testcase name="validatedSuggestedPostalAddressServiceTest" time="487.876" classname="com.deem.joltage.platformtests.test.LocationServiceTest">
    <failure type="java.lang.AssertionError" message="expected [true] but found [null]">
      <![CDATA[java.lang.AssertionError: expected [true] but found [null]
	at org.testng.Assert.fail(Assert.java:94)
	at org.testng.Assert.failNotEquals(Assert.java:496)
	at org.testng.Assert.assertEquals(Assert.java:116)
	at org.testng.Assert.assertEquals(Assert.java:178)
	at org.testng.Assert.assertEquals(Assert.java:188)
	at com.deem.joltage.platformtests.test.LocationServiceTest.validatedSuggestedPostalAddressServiceTest(LocationServiceTest.java:158)
	at sun.reflect.NativeMethodAccessorImpl.invoke0(Native Method)
	at sun.reflect.NativeMethodAccessorImpl.invoke(NativeMethodAccessorImpl.java:57)
	at sun.reflect.DelegatingMethodAccessorImpl.invoke(DelegatingMethodAccessorImpl.java:43)
	at java.lang.reflect.Method.invoke(Method.java:606)
	at org.testng.internal.MethodInvocationHelper.invokeMethod(MethodInvocationHelper.java:85)
	at org.testng.internal.Invoker.invokeMethod(Invoker.java:639)
	at org.testng.internal.Invoker.invokeTestMethod(Invoker.java:816)
	at org.testng.internal.Invoker.invokeTestMethods(Invoker.java:1124)
	at org.testng.internal.TestMethodWorker.invokeTestMethods(TestMethodWorker.java:125)
	at org.testng.internal.TestMethodWorker.run(TestMethodWorker.java:108)
	at org.testng.TestRunner.privateRun(TestRunner.java:774)
	at org.testng.TestRunner.run(TestRunner.java:624)
	at org.testng.SuiteRunner.runTest(SuiteRunner.java:359)
	at org.testng.SuiteRunner.runSequentially(SuiteRunner.java:354)
	at org.testng.SuiteRunner.privateRun(SuiteRunner.java:312)
	at org.testng.SuiteRunner.run(SuiteRunner.java:261)
	at org.testng.SuiteRunnerWorker.runSuite(SuiteRunnerWorker.java:52)
	at org.testng.SuiteRunnerWorker.run(SuiteRunnerWorker.java:86)
	at org.testng.TestNG.runSuitesSequentially(TestNG.java:1191)
	at org.testng.TestNG.runSuitesLocally(TestNG.java:1116)
	at org.testng.TestNG.run(TestNG.java:1024)
	at org.apache.maven.surefire.testng.TestNGExecutor.run(TestNGExecutor.java:132)
	at org.apache.maven.surefire.testng.TestNGDirectoryTestSuite.executeMulti(TestNGDirectoryTestSuite.java:193)
	at org.apache.maven.surefire.testng.TestNGDirectoryTestSuite.execute(TestNGDirectoryTestSuite.java:94)
	at org.apache.maven.surefire.testng.TestNGProvider.invoke(TestNGProvider.java:147)
	at org.apache.maven.surefire.booter.ForkedBooter.invokeProviderInSameClassLoader(ForkedBooter.java:290)
	at org.apache.maven.surefire.booter.ForkedBooter.runSuitesInProcess(ForkedBooter.java:242)
	at org.apache.maven.surefire.booter.ForkedBooter.main(ForkedBooter.java:121)
]]>
    </failure>
  </testcase> <!-- validatedSuggestedPostalAddressServiceTest -->
  <testcase name="validatedReverseGeocode" time="0.740" classname="com.deem.joltage.platformtests.test.LocationServiceTest"/>
  <testcase name="locationServiceTest" time="0.599" classname="com.deem.joltage.platformtests.test.LocationServiceTest"/>
  <testcase name="validatedGeocodeQueryTest" time="0.961" classname="com.deem.joltage.platformtests.test.LocationServiceTest"/>
  <testcase name="validatedPostalAddressServiceTest" time="0.728" classname="com.deem.joltage.platformtests.test.LocationServiceTest"/>
  <testcase name="validatedPostalAddressServiceTest" time="0.922" classname="com.deem.joltage.platformtests.test.LocationServiceTest"/>
  <testcase name="inValidatedReverseGeocode" time="0.877" classname="com.deem.joltage.platformtests.test.LocationServiceTest"/>
  <testcase name="validatedPostalAddressServiceTest" time="0.745" classname="com.deem.joltage.platformtests.test.LocationServiceTest"/>
  <testcase name="locationInvalidServiceTest" time="0.593" classname="com.deem.joltage.platformtests.test.LocationServiceTest"/>
  <testcase name="locationServiceTest" time="0.589" classname="com.deem.joltage.platformtests.test.LocationServiceTest"/>
  <testcase name="validatedGeocodeQueryTest" time="0.607" classname="com.deem.joltage.platformtests.test.LocationServiceTest"/>
  <testcase name="validatedReverseGeocode" time="1.026" classname="com.deem.joltage.platformtests.test.LocationServiceTest"/>
  <testcase name="validatedGeocodeQueryTest" time="3.812" classname="com.deem.joltage.platformtests.test.LocationServiceTest"/>
  <testcase name="validatedPostalAddressServiceTest" time="0.862" classname="com.deem.joltage.platformtests.test.LocationServiceTest"/>
  <testcase name="ipLocationServiceTest" time="0.541" classname="com.deem.joltage.platformtests.test.LocationServiceTest"/>
  <testcase name="inValidatedPostalCode" time="0.817" classname="com.deem.joltage.platformtests.test.LocationServiceTest"/>
  <testcase name="locationServiceTest" time="0.613" classname="com.deem.joltage.platformtests.test.LocationServiceTest"/>
  <testcase name="validatedPostalAddressServiceTest" time="0.765" classname="com.deem.joltage.platformtests.test.LocationServiceTest"/>
  <testcase name="validatedGeocodeQueryTest" time="0.613" classname="com.deem.joltage.platformtests.test.LocationServiceTest"/>
  <testcase name="validatedGeocodeQueryTest" time="0.589" classname="com.deem.joltage.platformtests.test.LocationServiceTest"/>
  <testcase name="nullOrInvalidGeocodeQueryTest" time="0.529" classname="com.deem.joltage.platformtests.test.LocationServiceTest"/>
  <testcase name="ipLocationServiceTest" time="0.543" classname="com.deem.joltage.platformtests.test.LocationServiceTest"/>
  <testcase name="validatedReverseGeocode" time="0.749" classname="com.deem.joltage.platformtests.test.LocationServiceTest"/>
  <testcase name="validatedGeocodeQueryTest" time="0.644" classname="com.deem.joltage.platformtests.test.LocationServiceTest"/>
  <testcase name="validatedPostalAddressServiceTest" time="0.792" classname="com.deem.joltage.platformtests.test.LocationServiceTest"/>
  <testcase name="inValidatedPostalCode" time="1.154" classname="com.deem.joltage.platformtests.test.LocationServiceTest"/>
  <testcase name="validatedPostalAddressServiceTest" time="0.888" classname="com.deem.joltage.platformtests.test.LocationServiceTest"/>
  <testcase name="validatedGeocodeQueryTest" time="0.606" classname="com.deem.joltage.platformtests.test.LocationServiceTest"/>
  <testcase name="validatedGeocodeQueryTest" time="0.593" classname="com.deem.joltage.platformtests.test.LocationServiceTest"/>
  <testcase name="validatedGeocodeQueryTest" time="0.586" classname="com.deem.joltage.platformtests.test.LocationServiceTest"/>
  <testcase name="ipLocationServiceTest" time="0.534" classname="com.deem.joltage.platformtests.test.LocationServiceTest"/>
  <testcase name="validatedReverseGeocode" time="0.918" classname="com.deem.joltage.platformtests.test.LocationServiceTest"/>
  <testcase name="validatedPostalAddressServiceTest" time="0.781" classname="com.deem.joltage.platformtests.test.LocationServiceTest"/>
  <testcase name="inValidatedPostalCode" time="0.775" classname="com.deem.joltage.platformtests.test.LocationServiceTest"/>
  <testcase name="validatedGeocodeQueryTest" time="3.493" classname="com.deem.joltage.platformtests.test.LocationServiceTest">
    <failure type="java.lang.AssertionError" message="latitude  should be same. expected [32.8113927] but found [32.8139897]">
      <![CDATA[java.lang.AssertionError: latitude  should be same. expected [32.8113927] but found [32.8139897]
	at org.testng.Assert.fail(Assert.java:94)
	at org.testng.Assert.failNotEquals(Assert.java:496)
	at org.testng.Assert.assertEquals(Assert.java:125)
	at org.testng.Assert.assertEquals(Assert.java:178)
	at com.deem.joltage.platformtests.test.LocationServiceTest.validatedGeocodeQueryTest(LocationServiceTest.java:105)
	at sun.reflect.GeneratedMethodAccessor6.invoke(Unknown Source)
	at sun.reflect.DelegatingMethodAccessorImpl.invoke(DelegatingMethodAccessorImpl.java:43)
	at java.lang.reflect.Method.invoke(Method.java:606)
	at org.testng.internal.MethodInvocationHelper.invokeMethod(MethodInvocationHelper.java:85)
	at org.testng.internal.Invoker.invokeMethod(Invoker.java:639)
	at org.testng.internal.Invoker.invokeTestMethod(Invoker.java:816)
	at org.testng.internal.Invoker.invokeTestMethods(Invoker.java:1124)
	at org.testng.internal.TestMethodWorker.invokeTestMethods(TestMethodWorker.java:125)
	at org.testng.internal.TestMethodWorker.run(TestMethodWorker.java:108)
	at org.testng.TestRunner.privateRun(TestRunner.java:774)
	at org.testng.TestRunner.run(TestRunner.java:624)
	at org.testng.SuiteRunner.runTest(SuiteRunner.java:359)
	at org.testng.SuiteRunner.runSequentially(SuiteRunner.java:354)
	at org.testng.SuiteRunner.privateRun(SuiteRunner.java:312)
	at org.testng.SuiteRunner.run(SuiteRunner.java:261)
	at org.testng.SuiteRunnerWorker.runSuite(SuiteRunnerWorker.java:52)
	at org.testng.SuiteRunnerWorker.run(SuiteRunnerWorker.java:86)
	at org.testng.TestNG.runSuitesSequentially(TestNG.java:1191)
	at org.testng.TestNG.runSuitesLocally(TestNG.java:1116)
	at org.testng.TestNG.run(TestNG.java:1024)
	at org.apache.maven.surefire.testng.TestNGExecutor.run(TestNGExecutor.java:132)
	at org.apache.maven.surefire.testng.TestNGDirectoryTestSuite.executeMulti(TestNGDirectoryTestSuite.java:193)
	at org.apache.maven.surefire.testng.TestNGDirectoryTestSuite.execute(TestNGDirectoryTestSuite.java:94)
	at org.apache.maven.surefire.testng.TestNGProvider.invoke(TestNGProvider.java:147)
	at org.apache.maven.surefire.booter.ForkedBooter.invokeProviderInSameClassLoader(ForkedBooter.java:290)
	at org.apache.maven.surefire.booter.ForkedBooter.runSuitesInProcess(ForkedBooter.java:242)
	at org.apache.maven.surefire.booter.ForkedBooter.main(ForkedBooter.java:121)
]]>
    </failure>
  </testcase> <!-- validatedGeocodeQueryTest -->
  <testcase name="validatedReverseGeocode" time="0.631" classname="com.deem.joltage.platformtests.test.LocationServiceTest"/>
  <testcase name="validatedGeocodeQueryTest" time="0.676" classname="com.deem.joltage.platformtests.test.LocationServiceTest"/>
  <testcase name="validatedPostalAddressServiceTest" time="0.694" classname="com.deem.joltage.platformtests.test.LocationServiceTest"/>
  <testcase name="validatedGeocodeQueryTest" time="0.596" classname="com.deem.joltage.platformtests.test.LocationServiceTest"/>
  <testcase name="validatedGeocodeQueryTest" time="0.612" classname="com.deem.joltage.platformtests.test.LocationServiceTest"/>
  <testcase name="ipLocationServiceTest" time="0.541" classname="com.deem.joltage.platformtests.test.LocationServiceTest"/>
  <testcase name="locationServiceTest" time="0.587" classname="com.deem.joltage.platformtests.test.LocationServiceTest"/>
  <testcase name="validatedGeocodeQueryTest" time="3.721" classname="com.deem.joltage.platformtests.test.LocationServiceTest"/>
  <testcase name="validatedPostalAddressServiceTest" time="0.818" classname="com.deem.joltage.platformtests.test.LocationServiceTest"/>
  <testcase name="validatedGeocodeQueryTest" time="0.596" classname="com.deem.joltage.platformtests.test.LocationServiceTest"/>
  <testcase name="nullOrInvalidGeocodeQueryTest" time="0.600" classname="com.deem.joltage.platformtests.test.LocationServiceTest"/>
  <testcase name="validatedGeocodeQueryTest" time="0.610" classname="com.deem.joltage.platformtests.test.LocationServiceTest"/>
  <testcase name="validatedReverseGeocode" time="0.792" classname="com.deem.joltage.platformtests.test.LocationServiceTest"/>
  <testcase name="inValidatedReverseGeocode" time="0.799" classname="com.deem.joltage.platformtests.test.LocationServiceTest"/>
  <testcase name="ipLocationServiceTest" time="0.790" classname="com.deem.joltage.platformtests.test.LocationServiceTest"/>
  <testcase name="validatedPostalAddressServiceTest" time="1.277" classname="com.deem.joltage.platformtests.test.LocationServiceTest"/>
  <testcase name="validatedGeocodeQueryTest" time="0.616" classname="com.deem.joltage.platformtests.test.LocationServiceTest"/>
  <testcase name="locationServiceTest" time="0.621" classname="com.deem.joltage.platformtests.test.LocationServiceTest"/>
  <testcase name="locationServiceTest" time="0.606" classname="com.deem.joltage.platformtests.test.LocationServiceTest"/>
  <testcase name="ipLocationServiceTest" time="0.531" classname="com.deem.joltage.platformtests.test.LocationServiceTest"/>
  <testcase name="validatedGeocodeQueryTest" time="0.616" classname="com.deem.joltage.platformtests.test.LocationServiceTest"/>
  <testcase name="validatedPostalAddressServiceTest" time="0.779" classname="com.deem.joltage.platformtests.test.LocationServiceTest"/>
  <testcase name="validatedPostalAddressServiceTest" time="491.308" classname="com.deem.joltage.platformtests.test.LocationServiceTest">
    <failure type="java.lang.AssertionError" message="Address should be same. expected [weybridge] but found [sunnyvale]">
      <![CDATA[java.lang.AssertionError: Address should be same. expected [weybridge] but found [sunnyvale]
	at org.testng.Assert.fail(Assert.java:94)
	at org.testng.Assert.failNotEquals(Assert.java:496)
	at org.testng.Assert.assertEquals(Assert.java:125)
	at org.testng.Assert.assertEquals(Assert.java:178)
	at com.deem.joltage.platformtests.test.LocationServiceTest.validatedPostalAddressServiceTest(LocationServiceTest.java:138)
	at sun.reflect.NativeMethodAccessorImpl.invoke0(Native Method)
	at sun.reflect.NativeMethodAccessorImpl.invoke(NativeMethodAccessorImpl.java:57)
	at sun.reflect.DelegatingMethodAccessorImpl.invoke(DelegatingMethodAccessorImpl.java:43)
	at java.lang.reflect.Method.invoke(Method.java:606)
	at org.testng.internal.MethodInvocationHelper.invokeMethod(MethodInvocationHelper.java:85)
	at org.testng.internal.Invoker.invokeMethod(Invoker.java:639)
	at org.testng.internal.Invoker.invokeTestMethod(Invoker.java:816)
	at org.testng.internal.Invoker.invokeTestMethods(Invoker.java:1124)
	at org.testng.internal.TestMethodWorker.invokeTestMethods(TestMethodWorker.java:125)
	at org.testng.internal.TestMethodWorker.run(TestMethodWorker.java:108)
	at org.testng.TestRunner.privateRun(TestRunner.java:774)
	at org.testng.TestRunner.run(TestRunner.java:624)
	at org.testng.SuiteRunner.runTest(SuiteRunner.java:359)
	at org.testng.SuiteRunner.runSequentially(SuiteRunner.java:354)
	at org.testng.SuiteRunner.privateRun(SuiteRunner.java:312)
	at org.testng.SuiteRunner.run(SuiteRunner.java:261)
	at org.testng.SuiteRunnerWorker.runSuite(SuiteRunnerWorker.java:52)
	at org.testng.SuiteRunnerWorker.run(SuiteRunnerWorker.java:86)
	at org.testng.TestNG.runSuitesSequentially(TestNG.java:1191)
	at org.testng.TestNG.runSuitesLocally(TestNG.java:1116)
	at org.testng.TestNG.run(TestNG.java:1024)
	at org.apache.maven.surefire.testng.TestNGExecutor.run(TestNGExecutor.java:132)
	at org.apache.maven.surefire.testng.TestNGDirectoryTestSuite.executeMulti(TestNGDirectoryTestSuite.java:193)
	at org.apache.maven.surefire.testng.TestNGDirectoryTestSuite.execute(TestNGDirectoryTestSuite.java:94)
	at org.apache.maven.surefire.testng.TestNGProvider.invoke(TestNGProvider.java:147)
	at org.apache.maven.surefire.booter.ForkedBooter.invokeProviderInSameClassLoader(ForkedBooter.java:290)
	at org.apache.maven.surefire.booter.ForkedBooter.runSuitesInProcess(ForkedBooter.java:242)
	at org.apache.maven.surefire.booter.ForkedBooter.main(ForkedBooter.java:121)
]]>
    </failure>
  </testcase> <!-- validatedPostalAddressServiceTest -->
  <testcase name="locationServiceTest" time="0.592" classname="com.deem.joltage.platformtests.test.LocationServiceTest"/>
  <testcase name="ipLocationServiceTest" time="0.532" classname="com.deem.joltage.platformtests.test.LocationServiceTest"/>
  <testcase name="validatedReverseGeocode" time="0.755" classname="com.deem.joltage.platformtests.test.LocationServiceTest"/>
  <testcase name="inValidatedPostalCode" time="0.534" classname="com.deem.joltage.platformtests.test.LocationServiceTest"/>
  <testcase name="inValidatedPostalCode" time="0.632" classname="com.deem.joltage.platformtests.test.LocationServiceTest"/>
  <testcase name="nullOrInvalidGeocodeQueryTest" time="0.517" classname="com.deem.joltage.platformtests.test.LocationServiceTest"/>
  <testcase name="validatedGeocodeQueryTest" time="0.598" classname="com.deem.joltage.platformtests.test.LocationServiceTest"/>
  <testcase name="nullOrInvalidGeocodeQueryTest" time="0.616" classname="com.deem.joltage.platformtests.test.LocationServiceTest"/>
  <testcase name="inValidatedPostalCode" time="0.672" classname="com.deem.joltage.platformtests.test.LocationServiceTest"/>
  <testcase name="validatedReverseGeocode" time="0.654" classname="com.deem.joltage.platformtests.test.LocationServiceTest"/>
  <testcase name="validatedGeocodeQueryTest" time="0.589" classname="com.deem.joltage.platformtests.test.LocationServiceTest"/>
  <testcase name="validatedPostalAddressServiceTest" time="1.907" classname="com.deem.joltage.platformtests.test.LocationServiceTest"/>
  <testcase name="ipLocationServiceTest" time="0.597" classname="com.deem.joltage.platformtests.test.LocationServiceTest"/>
  <testcase name="locationServiceTest" time="0.595" classname="com.deem.joltage.platformtests.test.LocationServiceTest"/>
  <testcase name="validatedGeocodeQueryTest" time="0.590" classname="com.deem.joltage.platformtests.test.LocationServiceTest"/>
  <testcase name="inValidatedReverseGeocode" time="1.593" classname="com.deem.joltage.platformtests.test.LocationServiceTest"/>
  <testcase name="validatedReverseGeocode" time="0.814" classname="com.deem.joltage.platformtests.test.LocationServiceTest"/>
  <testcase name="validatedGeocodeQueryTest" time="0.600" classname="com.deem.joltage.platformtests.test.LocationServiceTest">
    <failure type="java.lang.AssertionError" message="latitude  should be same. expected [32.8118436] but found [32.8139897]">
      <![CDATA[java.lang.AssertionError: latitude  should be same. expected [32.8118436] but found [32.8139897]
	at org.testng.Assert.fail(Assert.java:94)
	at org.testng.Assert.failNotEquals(Assert.java:496)
	at org.testng.Assert.assertEquals(Assert.java:125)
	at org.testng.Assert.assertEquals(Assert.java:178)
	at com.deem.joltage.platformtests.test.LocationServiceTest.validatedGeocodeQueryTest(LocationServiceTest.java:105)
	at sun.reflect.NativeMethodAccessorImpl.invoke0(Native Method)
	at sun.reflect.NativeMethodAccessorImpl.invoke(NativeMethodAccessorImpl.java:57)
	at sun.reflect.DelegatingMethodAccessorImpl.invoke(DelegatingMethodAccessorImpl.java:43)
	at java.lang.reflect.Method.invoke(Method.java:606)
	at org.testng.internal.MethodInvocationHelper.invokeMethod(MethodInvocationHelper.java:85)
	at org.testng.internal.Invoker.invokeMethod(Invoker.java:639)
	at org.testng.internal.Invoker.invokeTestMethod(Invoker.java:816)
	at org.testng.internal.Invoker.invokeTestMethods(Invoker.java:1124)
	at org.testng.internal.TestMethodWorker.invokeTestMethods(TestMethodWorker.java:125)
	at org.testng.internal.TestMethodWorker.run(TestMethodWorker.java:108)
	at org.testng.TestRunner.privateRun(TestRunner.java:774)
	at org.testng.TestRunner.run(TestRunner.java:624)
	at org.testng.SuiteRunner.runTest(SuiteRunner.java:359)
	at org.testng.SuiteRunner.runSequentially(SuiteRunner.java:354)
	at org.testng.SuiteRunner.privateRun(SuiteRunner.java:312)
	at org.testng.SuiteRunner.run(SuiteRunner.java:261)
	at org.testng.SuiteRunnerWorker.runSuite(SuiteRunnerWorker.java:52)
	at org.testng.SuiteRunnerWorker.run(SuiteRunnerWorker.java:86)
	at org.testng.TestNG.runSuitesSequentially(TestNG.java:1191)
	at org.testng.TestNG.runSuitesLocally(TestNG.java:1116)
	at org.testng.TestNG.run(TestNG.java:1024)
	at org.apache.maven.surefire.testng.TestNGExecutor.run(TestNGExecutor.java:132)
	at org.apache.maven.surefire.testng.TestNGDirectoryTestSuite.executeMulti(TestNGDirectoryTestSuite.java:193)
	at org.apache.maven.surefire.testng.TestNGDirectoryTestSuite.execute(TestNGDirectoryTestSuite.java:94)
	at org.apache.maven.surefire.testng.TestNGProvider.invoke(TestNGProvider.java:147)
	at org.apache.maven.surefire.booter.ForkedBooter.invokeProviderInSameClassLoader(ForkedBooter.java:290)
	at org.apache.maven.surefire.booter.ForkedBooter.runSuitesInProcess(ForkedBooter.java:242)
	at org.apache.maven.surefire.booter.ForkedBooter.main(ForkedBooter.java:121)
]]>
    </failure>
  </testcase> <!-- validatedGeocodeQueryTest -->
</testsuite> <!-- com.deem.joltage.platformtests.test.LocationServiceTest -->
